<?xml version="1.0" encoding="UTF-8"?>
<testng-results ignored="0" total="1" passed="1" failed="0" skipped="0">
  <reporter-output>
  </reporter-output>
  <suite started-at="2022-10-14T17:11:33 IST" name="Suite" finished-at="2022-10-14T17:11:39 IST" duration-ms="6059">
    <groups>
    </groups>
    <test started-at="2022-10-14T17:11:33 IST" name="Test" finished-at="2022-10-14T17:11:39 IST" duration-ms="6059">
      <class name="demo.TestNGTodo2">
        <test-method is-config="true" signature="setup(java.lang.reflect.Method, org.testng.ITestContext)[pri:0, instance:demo.TestNGTodo2@e1de817]" started-at="2022-10-14T17:11:33 IST" name="setup" finished-at="2022-10-14T17:11:39 IST" duration-ms="5809" status="PASS">
          <params>
            <param index="0">
              <value>
                <![CDATA[public void demo.TestNGTodo2.testUntitledTestCase() throws java.lang.Exception]]>
              </value>
            </param>
            <param index="1">
              <value>
                <![CDATA[org.testng.TestRunner@4b1c0397]]>
              </value>
            </param>
          </params>
          <reporter-output>
          </reporter-output>
        </test-method> <!-- setup -->
        <test-method signature="testUntitledTestCase()[pri:0, instance:demo.TestNGTodo2@e1de817]" started-at="2022-10-14T17:11:39 IST" name="testUntitledTestCase" finished-at="2022-10-14T17:11:39 IST" duration-ms="13" status="PASS">
          <reporter-output>
          </reporter-output>
        </test-method> <!-- testUntitledTestCase -->
        <test-method is-config="true" signature="tearDown()[pri:0, instance:demo.TestNGTodo2@e1de817]" started-at="2022-10-14T17:11:39 IST" name="tearDown" finished-at="2022-10-14T17:11:39 IST" duration-ms="192" status="PASS">
          <reporter-output>
          </reporter-output>
        </test-method> <!-- tearDown -->
      </class> <!-- demo.TestNGTodo2 -->
    </test> <!-- Test -->
  </suite> <!-- Suite -->
</testng-results>
